mode: set
e-commerce-api/feature/product/service/service.go:21.107,27.2 1 1
e-commerce-api/feature/product/service/service.go:29.115,31.17 2 1
e-commerce-api/feature/product/service/service.go:35.2,35.51 1 1
e-commerce-api/feature/product/service/service.go:40.2,41.16 2 1
e-commerce-api/feature/product/service/service.go:51.2,55.61 3 0
e-commerce-api/feature/product/service/service.go:59.2,59.12 1 0
e-commerce-api/feature/product/service/service.go:31.17,33.3 1 1
e-commerce-api/feature/product/service/service.go:35.51,38.3 2 1
e-commerce-api/feature/product/service/service.go:41.16,44.55 3 1
e-commerce-api/feature/product/service/service.go:49.3,49.25 1 1
e-commerce-api/feature/product/service/service.go:44.55,46.4 1 0
e-commerce-api/feature/product/service/service.go:46.9,48.4 1 1
e-commerce-api/feature/product/service/service.go:55.61,57.3 1 0
e-commerce-api/feature/product/service/service.go:62.92,65.16 2 1
e-commerce-api/feature/product/service/service.go:69.2,69.21 1 1
e-commerce-api/feature/product/service/service.go:74.2,77.23 3 1
e-commerce-api/feature/product/service/service.go:80.2,80.14 1 1
e-commerce-api/feature/product/service/service.go:84.2,94.16 9 1
e-commerce-api/feature/product/service/service.go:99.2,99.29 1 1
e-commerce-api/feature/product/service/service.go:65.16,68.3 2 1
e-commerce-api/feature/product/service/service.go:69.21,72.3 2 1
e-commerce-api/feature/product/service/service.go:77.23,79.3 1 1
e-commerce-api/feature/product/service/service.go:80.14,82.3 1 1
e-commerce-api/feature/product/service/service.go:94.16,97.3 2 1
e-commerce-api/feature/product/service/service.go:102.73,104.16 2 1
e-commerce-api/feature/product/service/service.go:115.2,115.17 1 1
e-commerce-api/feature/product/service/service.go:104.16,107.49 3 1
e-commerce-api/feature/product/service/service.go:112.3,112.41 1 1
e-commerce-api/feature/product/service/service.go:107.49,109.4 1 1
e-commerce-api/feature/product/service/service.go:109.9,111.4 1 1
e-commerce-api/feature/product/service/service.go:118.137,120.17 2 1
e-commerce-api/feature/product/service/service.go:124.2,124.54 1 1
e-commerce-api/feature/product/service/service.go:130.2,130.23 1 1
e-commerce-api/feature/product/service/service.go:147.2,148.16 2 1
e-commerce-api/feature/product/service/service.go:158.2,159.16 2 1
e-commerce-api/feature/product/service/service.go:169.2,171.78 2 0
e-commerce-api/feature/product/service/service.go:182.2,182.21 1 0
e-commerce-api/feature/product/service/service.go:190.2,190.12 1 0
e-commerce-api/feature/product/service/service.go:120.17,122.3 1 1
e-commerce-api/feature/product/service/service.go:124.54,128.3 3 1
e-commerce-api/feature/product/service/service.go:130.23,131.79 1 1
e-commerce-api/feature/product/service/service.go:142.3,142.13 1 1
e-commerce-api/feature/product/service/service.go:131.79,134.56 3 1
e-commerce-api/feature/product/service/service.go:139.4,139.26 1 1
e-commerce-api/feature/product/service/service.go:134.56,136.5 1 1
e-commerce-api/feature/product/service/service.go:136.10,138.5 1 1
e-commerce-api/feature/product/service/service.go:148.16,151.49 3 1
e-commerce-api/feature/product/service/service.go:156.3,156.25 1 1
e-commerce-api/feature/product/service/service.go:151.49,153.4 1 1
e-commerce-api/feature/product/service/service.go:153.9,155.4 1 1
e-commerce-api/feature/product/service/service.go:159.16,162.55 3 1
e-commerce-api/feature/product/service/service.go:167.3,167.25 1 1
e-commerce-api/feature/product/service/service.go:162.55,164.4 1 0
e-commerce-api/feature/product/service/service.go:164.9,166.4 1 1
e-commerce-api/feature/product/service/service.go:171.78,174.55 3 0
e-commerce-api/feature/product/service/service.go:179.3,179.25 1 0
e-commerce-api/feature/product/service/service.go:174.55,176.4 1 0
e-commerce-api/feature/product/service/service.go:176.9,178.4 1 0
e-commerce-api/feature/product/service/service.go:182.21,184.62 2 0
e-commerce-api/feature/product/service/service.go:184.62,187.4 2 0
e-commerce-api/feature/product/service/service.go:193.75,195.17 2 1
e-commerce-api/feature/product/service/service.go:201.2,202.16 2 1
e-commerce-api/feature/product/service/service.go:214.2,214.63 1 1
e-commerce-api/feature/product/service/service.go:225.2,225.22 1 1
e-commerce-api/feature/product/service/service.go:234.2,234.12 1 1
e-commerce-api/feature/product/service/service.go:195.17,197.3 1 1
e-commerce-api/feature/product/service/service.go:202.16,205.49 3 1
e-commerce-api/feature/product/service/service.go:210.3,210.25 1 1
e-commerce-api/feature/product/service/service.go:205.49,207.4 1 1
e-commerce-api/feature/product/service/service.go:207.9,209.4 1 1
e-commerce-api/feature/product/service/service.go:214.63,217.55 3 1
e-commerce-api/feature/product/service/service.go:222.3,222.25 1 1
e-commerce-api/feature/product/service/service.go:217.55,219.4 1 1
e-commerce-api/feature/product/service/service.go:219.9,221.4 1 1
e-commerce-api/feature/product/service/service.go:225.22,228.62 2 1
e-commerce-api/feature/product/service/service.go:228.62,231.4 2 0
